<?xml version="1.0" encoding="UTF-8"?>
<!-- Generated by org.testng.reporters.JUnitReportReporter -->
<testsuite skipped="0" hostname="SEZ92CIBC" name="com.rsystems.ayush.Test04_Put" tests="1" failures="0" timestamp="2020-06-02T17:15:10 IST" time="0.070" errors="0">
  <testcase name="test04" time="0.070" classname="com.rsystems.ayush.Test04_Put"/>
  <system-out/>
</testsuite> <!-- com.rsystems.ayush.Test04_Put -->
