<?xml version="1.0" encoding="UTF-8"?>
<!-- Generated by org.testng.reporters.JUnitReportReporter -->
<testsuite skipped="0" hostname="SEZ92CIBC" name="com.rsystems.ayush.Test03_Post" tests="1" failures="0" timestamp="2020-06-02T17:15:10 IST" time="0.152" errors="0">
  <testcase name="Test03" time="0.152" classname="com.rsystems.ayush.Test03_Post"/>
  <system-out/>
</testsuite> <!-- com.rsystems.ayush.Test03_Post -->
