<?xml version="1.0" encoding="UTF-8"?>
<!-- Generated by org.testng.reporters.JUnitReportReporter -->
<testsuite skipped="0" hostname="SEZ92CIBC" name="com.rsystems.ayush.Test02_Delete" tests="1" failures="0" timestamp="2020-06-02T17:15:10 IST" time="0.133" errors="0">
  <testcase name="test02" time="0.133" classname="com.rsystems.ayush.Test02_Delete"/>
  <system-out/>
</testsuite> <!-- com.rsystems.ayush.Test02_Delete -->
