<?xml version="1.0" encoding="UTF-8"?>
<!-- Generated by org.testng.reporters.JUnitReportReporter -->
<testsuite skipped="0" hostname="SEZ92CIBC" name="com.rsystems.ayush.Test01_Get" tests="1" failures="0" timestamp="2020-06-02T17:15:10 IST" time="1.598" errors="0">
  <testcase name="test01" time="1.598" classname="com.rsystems.ayush.Test01_Get"/>
  <system-out/>
</testsuite> <!-- com.rsystems.ayush.Test01_Get -->
